Traceback (most recent call last):
  File "/home/cyberdude/.local/bin/uvicorn", line 7, in <module>
    sys.exit(main())
  File "/home/cyberdude/.local/lib/python3.10/site-packages/click/core.py", line 1442, in __call__
    return self.main(*args, **kwargs)
  File "/home/cyberdude/.local/lib/python3.10/site-packages/click/core.py", line 1363, in main
    rv = self.invoke(ctx)
  File "/home/cyberdude/.local/lib/python3.10/site-packages/click/core.py", line 1226, in invoke
    return ctx.invoke(self.callback, **ctx.params)
  File "/home/cyberdude/.local/lib/python3.10/site-packages/click/core.py", line 794, in invoke
    return callback(*args, **kwargs)
  File "/home/cyberdude/.local/lib/python3.10/site-packages/uvicorn/main.py", line 416, in main
    run(
  File "/home/cyberdude/.local/lib/python3.10/site-packages/uvicorn/main.py", line 587, in run
    server.run()
  File "/home/cyberdude/.local/lib/python3.10/site-packages/uvicorn/server.py", line 61, in run
    return asyncio.run(self.serve(sockets=sockets))
  File "/usr/lib/python3.10/asyncio/runners.py", line 44, in run
    return loop.run_until_complete(main)
  File "uvloop/loop.pyx", line 1518, in uvloop.loop.Loop.run_until_complete
  File "/home/cyberdude/.local/lib/python3.10/site-packages/uvicorn/server.py", line 68, in serve
    config.load()
  File "/home/cyberdude/.local/lib/python3.10/site-packages/uvicorn/config.py", line 467, in load
    self.loaded_app = import_from_string(self.app)
  File "/home/cyberdude/.local/lib/python3.10/site-packages/uvicorn/importer.py", line 21, in import_from_string
    module = importlib.import_module(module_str)
  File "/usr/lib/python3.10/importlib/__init__.py", line 126, in import_module
    return _bootstrap._gcd_import(name[level:], package, level)
  File "<frozen importlib._bootstrap>", line 1050, in _gcd_import
  File "<frozen importlib._bootstrap>", line 1027, in _find_and_load
  File "<frozen importlib._bootstrap>", line 1006, in _find_and_load_unlocked
  File "<frozen importlib._bootstrap>", line 688, in _load_unlocked
  File "<frozen importlib._bootstrap_external>", line 883, in exec_module
  File "<frozen importlib._bootstrap>", line 241, in _call_with_frames_removed
  File "/home/cyberdude/Documents/Projects/CA-final/services/client-api/main.py", line 42, in <module>
    from shared.t1_business_routes import router as t1_business_router
  File "/home/cyberdude/Documents/Projects/CA-final/services/client-api/shared/t1_business_routes.py", line 24, in <module>
    from shared.t1_business_schemas import (
  File "/home/cyberdude/Documents/Projects/CA-final/services/client-api/shared/t1_business_schemas.py", line 213, in <module>
    class T1FormDataSchema(BaseModel):
  File "/home/cyberdude/Documents/Projects/CA-final/services/client-api/shared/t1_business_schemas.py", line 222, in T1FormDataSchema
    medicalExpenses: List[T1MedicalExpenseSchema] = []
NameError: name 'T1MedicalExpenseSchema' is not defined. Did you mean: 'T1MovingExpenseSchema'?
